<?xml version="1.0" encoding="UTF-8"?>
<!-- Generated by org.testng.reporters.JUnitXMLReporter -->
<testsuite ignored="0" hostname="Acer-Aspire" failures="1" tests="6" name="Default test" time="5.345" errors="0" timestamp="2025-08-16T02:48:08 IST">
  <testcase classname="io.cucumber.testng.AbstractTestNGCucumberTests" name="runScenario" time="2.547"/>
  <testcase classname="io.cucumber.testng.AbstractTestNGCucumberTests" name="runScenario" time="0.444"/>
  <testcase classname="io.cucumber.testng.AbstractTestNGCucumberTests" name="runScenario" time="0.19"/>
  <testcase classname="io.cucumber.testng.AbstractTestNGCucumberTests" name="runScenario" time="0.18"/>
  <testcase classname="io.cucumber.testng.AbstractTestNGCucumberTests" name="runScenario" time="0.187"/>
  <testcase classname="io.cucumber.testng.AbstractTestNGCucumberTests" name="runScenario" time="1.062">
    <failure type="java.lang.AssertionError" message="API should NOT return 200 for invalid data: bookingId=1004 did not expect [200] but found [200]">
      <![CDATA[java.lang.AssertionError: API should NOT return 200 for invalid data: bookingId=1004 did not expect [200] but found [200]
at org.testng.Assert.fail(Assert.java:99)
at org.testng.Assert.failEquals(Assert.java:1041)
at org.testng.Assert.assertNotEqualsImpl(Assert.java:147)
at org.testng.Assert.assertNotEquals(Assert.java:1531)
at Stepdefinitions.feature1.i_read_booking_data_from_excel(feature1.java:159)
at ✽.read booking data from Excel "src/test/resources/Exceldata.xlsx"(file:///C:/Users/Pavan/eclipse-workspace/TackstacRestassured.zip_expanded/EventManagementSystem_Restassured/src/test/resources/Feature/EventManagement.feature:41)
]]>
    </failure>
  </testcase> <!-- runScenario -->
</testsuite> <!-- Default test -->
