<?xml version="1.0" encoding="UTF-8"?>
<!-- Generated by org.testng.reporters.JUnitReportReporter -->
<testsuite hostname="Acer-Aspire" failures="1" tests="6" name="TestRunner.TestRunner" time="4.610" errors="0" timestamp="2025-08-16T02:48:08 IST" skipped="0">
  <testcase classname="TestRunner.TestRunner" name="runScenario" time="0.180"/>
  <system-out/>
  <testcase classname="TestRunner.TestRunner" name="runScenario" time="0.444"/>
  <system-out/>
  <testcase classname="TestRunner.TestRunner" name="runScenario" time="1.062">
    <failure message="API should NOT return 200 for invalid data: bookingId=1004 did not expect [200] but found [200]" type="java.lang.AssertionError">
      <![CDATA[java.lang.AssertionError: API should NOT return 200 for invalid data: bookingId=1004 did not expect [200] but found [200]
at org.testng.Assert.fail(Assert.java:99)
at org.testng.Assert.failEquals(Assert.java:1041)
at org.testng.Assert.assertNotEqualsImpl(Assert.java:147)
at org.testng.Assert.assertNotEquals(Assert.java:1531)
at Stepdefinitions.feature1.i_read_booking_data_from_excel(feature1.java:159)
at ✽.read booking data from Excel "src/test/resources/Exceldata.xlsx"(file:///C:/Users/Pavan/eclipse-workspace/TackstacRestassured.zip_expanded/EventManagementSystem_Restassured/src/test/resources/Feature/EventManagement.feature:41)
]]>
    </failure>
  </testcase> <!-- runScenario -->
  <system-out/>
  <testcase classname="TestRunner.TestRunner" name="runScenario" time="2.547"/>
  <system-out/>
  <testcase classname="TestRunner.TestRunner" name="runScenario" time="0.187"/>
  <system-out/>
  <testcase classname="TestRunner.TestRunner" name="runScenario" time="0.190"/>
  <system-out/>
</testsuite> <!-- TestRunner.TestRunner -->
